<?xml version="1.0" encoding="UTF-8"?>
<testng-results ignored="0" total="2" passed="2" failed="0" skipped="0">
  <reporter-output>
  </reporter-output>
  <suite started-at="2025-11-27T11:42:19 GMT+02:00" name="Surefire suite" finished-at="2025-11-27T11:42:32 GMT+02:00" duration-ms="13121">
    <groups>
    </groups>
    <test started-at="2025-11-27T11:42:19 GMT+02:00" name="Surefire test" finished-at="2025-11-27T11:42:32 GMT+02:00" duration-ms="13121">
      <class name="LoginTest">
        <test-method is-config="true" signature="precondition()[pri:0, instance:LoginTest@36920bd6]" started-at="2025-11-27T11:42:22 GMT+02:00" name="precondition" finished-at="2025-11-27T11:42:22 GMT+02:00" duration-ms="16" status="PASS">
          <reporter-output>
          </reporter-output>
        </test-method> <!-- precondition -->
        <test-method is-config="true" signature="setup()[pri:0, instance:LoginTest@36920bd6]" started-at="2025-11-27T11:42:22 GMT+02:00" name="setup" finished-at="2025-11-27T11:42:23 GMT+02:00" duration-ms="1152" status="PASS">
          <reporter-output>
          </reporter-output>
        </test-method> <!-- setup -->
        <test-method signature="validLoginTC()[pri:0, instance:LoginTest@36920bd6]" started-at="2025-11-27T11:42:23 GMT+02:00" name="validLoginTC" finished-at="2025-11-27T11:42:32 GMT+02:00" duration-ms="8169" status="PASS">
          <reporter-output>
          </reporter-output>
        </test-method> <!-- validLoginTC -->
        <test-method is-config="true" signature="tearDown(org.testng.ITestResult)[pri:0, instance:LoginTest@36920bd6]" started-at="2025-11-27T11:42:32 GMT+02:00" name="tearDown" finished-at="2025-11-27T11:42:32 GMT+02:00" duration-ms="401" status="PASS">
          <params>
            <param index="0">
              <value>
                <![CDATA[[TestResult name=validLoginTC status=SUCCESS method=LoginTest.validLoginTC()[pri:0, instance:LoginTest@36920bd6] output={null}]]]>
              </value>
            </param>
          </params>
          <reporter-output>
          </reporter-output>
        </test-method> <!-- tearDown -->
      </class> <!-- LoginTest -->
      <class name="FirstTest">
        <test-method is-config="true" signature="setup()[pri:0, instance:FirstTest@2721044]" started-at="2025-11-27T11:42:19 GMT+02:00" name="setup" finished-at="2025-11-27T11:42:20 GMT+02:00" duration-ms="1340" status="PASS">
          <reporter-output>
          </reporter-output>
        </test-method> <!-- setup -->
        <test-method signature="verifyLoginPageTitle()[pri:0, instance:FirstTest@2721044]" started-at="2025-11-27T11:42:20 GMT+02:00" name="verifyLoginPageTitle" finished-at="2025-11-27T11:42:22 GMT+02:00" duration-ms="1295" status="PASS">
          <reporter-output>
          </reporter-output>
        </test-method> <!-- verifyLoginPageTitle -->
        <test-method is-config="true" signature="tearDown(org.testng.ITestResult)[pri:0, instance:FirstTest@2721044]" started-at="2025-11-27T11:42:22 GMT+02:00" name="tearDown" finished-at="2025-11-27T11:42:22 GMT+02:00" duration-ms="292" status="PASS">
          <params>
            <param index="0">
              <value>
                <![CDATA[[TestResult name=verifyLoginPageTitle status=SUCCESS method=FirstTest.verifyLoginPageTitle()[pri:0, instance:FirstTest@2721044] output={null}]]]>
              </value>
            </param>
          </params>
          <reporter-output>
          </reporter-output>
        </test-method> <!-- tearDown -->
      </class> <!-- FirstTest -->
    </test> <!-- Surefire test -->
  </suite> <!-- Surefire suite -->
</testng-results>
