<?xml version="1.0" encoding="UTF-8"?>
<testsuite xmlns:xsi="http://www.w3.org/2001/XMLSchema-instance" xsi:noNamespaceSchemaLocation="https://maven.apache.org/surefire/maven-surefire-plugin/xsd/surefire-test-report.xsd" version="3.0.2" name="TestSuite" time="22.379" tests="2" errors="0" skipped="0" failures="0">
  <properties>
[...]
</properties>
  <testcase name="verifyLoginPageTitle" classname="FirstTest" time="1.396">
    <system-out><![CDATA[&amp#27;[34m[INFO] - [27-11-2025 11:42:17] [main] [com.ferpfirstcode.utils.dataReader.PropertyReader] - Loaded properties from: C:\Users\pc\IdeaProjects\FirstProjectFERP\src\main\resources\allure.properties&amp#27;[m
&amp#27;[34m[INFO] - [27-11-2025 11:42:17] [main] [com.ferpfirstcode.utils.dataReader.PropertyReader] - Loaded properties from: C:\Users\pc\IdeaProjects\FirstProjectFERP\src\main\resources\db.properties&amp#27;[m
&amp#27;[34m[INFO] - [27-11-2025 11:42:17] [main] [com.ferpfirstcode.utils.dataReader.PropertyReader] - Loaded properties from: C:\Users\pc\IdeaProjects\FirstProjectFERP\src\main\resources\enviroment.properties&amp#27;[m
&amp#27;[34m[INFO] - [27-11-2025 11:42:17] [main] [com.ferpfirstcode.utils.dataReader.PropertyReader] - Loaded properties from: C:\Users\pc\IdeaProjects\FirstProjectFERP\src\main\resources\log4j2.properties&amp#27;[m
&amp#27;[34m[INFO] - [27-11-2025 11:42:17] [main] [com.ferpfirstcode.utils.dataReader.PropertyReader] - Loaded properties from: C:\Users\pc\IdeaProjects\FirstProjectFERP\src\main\resources\seleniumGrid.properties&amp#27;[m
&amp#27;[34m[INFO] - [27-11-2025 11:42:17] [main] [com.ferpfirstcode.utils.dataReader.PropertyReader] - Loaded properties from: C:\Users\pc\IdeaProjects\FirstProjectFERP\src\main\resources\video.properties&amp#27;[m
&amp#27;[34m[INFO] - [27-11-2025 11:42:17] [main] [com.ferpfirstcode.utils.dataReader.PropertyReader] - Loaded properties from: C:\Users\pc\IdeaProjects\FirstProjectFERP\src\main\resources\waits.properties&amp#27;[m
&amp#27;[34m[INFO] - [27-11-2025 11:42:17] [main] [com.ferpfirstcode.utils.dataReader.PropertyReader] - Loaded properties from: C:\Users\pc\IdeaProjects\FirstProjectFERP\src\main\resources\webapp.properties&amp#27;[m
&amp#27;[34m[INFO] - [27-11-2025 11:42:17] [main] [com.ferpfirstcode.customlisteners.TestNGListeners] - ======== Starting Test Execution ========&amp#27;[m
✅ Log file deleted: C:\Users\pc\IdeaProjects\FirstProjectFERP/test-output/Logs/\logs.log
&amp#27;[34m[INFO] - [27-11-2025 11:42:17] [main] [com.ferpfirstcode.customlisteners.TestNGListeners] - ✅ Test Directories Cleaned Successfully&amp#27;[m
&amp#27;[34m[INFO] - [27-11-2025 11:42:17] [main] [com.ferpfirstcode.FileUtils] - Directory created: test-output/screenshots/&amp#27;[m
&amp#27;[34m[INFO] - [27-11-2025 11:42:17] [main] [com.ferpfirstcode.FileUtils] - Directory created: test-output/recordings/&amp#27;[m
&amp#27;[34m[INFO] - [27-11-2025 11:42:17] [main] [com.ferpfirstcode.customlisteners.TestNGListeners] - ✅ Test Directories Created Successfully&amp#27;[m
&amp#27;[34m[INFO] - [27-11-2025 11:42:17] [main] [com.ferpfirstcode.utils.dataReader.PropertyReader] - Loaded properties from: C:\Users\pc\IdeaProjects\FirstProjectFERP\src\main\resources\allure.properties&amp#27;[m
&amp#27;[34m[INFO] - [27-11-2025 11:42:17] [main] [com.ferpfirstcode.utils.dataReader.PropertyReader] - Loaded properties from: C:\Users\pc\IdeaProjects\FirstProjectFERP\src\main\resources\db.properties&amp#27;[m
&amp#27;[34m[INFO] - [27-11-2025 11:42:17] [main] [com.ferpfirstcode.utils.dataReader.PropertyReader] - Loaded properties from: C:\Users\pc\IdeaProjects\FirstProjectFERP\src\main\resources\enviroment.properties&amp#27;[m
&amp#27;[34m[INFO] - [27-11-2025 11:42:17] [main] [com.ferpfirstcode.utils.dataReader.PropertyReader] - Loaded properties from: C:\Users\pc\IdeaProjects\FirstProjectFERP\src\main\resources\log4j2.properties&amp#27;[m
&amp#27;[34m[INFO] - [27-11-2025 11:42:17] [main] [com.ferpfirstcode.utils.dataReader.PropertyReader] - Loaded properties from: C:\Users\pc\IdeaProjects\FirstProjectFERP\src\main\resources\seleniumGrid.properties&amp#27;[m
&amp#27;[34m[INFO] - [27-11-2025 11:42:17] [main] [com.ferpfirstcode.utils.dataReader.PropertyReader] - Loaded properties from: C:\Users\pc\IdeaProjects\FirstProjectFERP\src\main\resources\video.properties&amp#27;[m
&amp#27;[34m[INFO] - [27-11-2025 11:42:17] [main] [com.ferpfirstcode.utils.dataReader.PropertyReader] - Loaded properties from: C:\Users\pc\IdeaProjects\FirstProjectFERP\src\main\resources\waits.properties&amp#27;[m
&amp#27;[34m[INFO] - [27-11-2025 11:42:17] [main] [com.ferpfirstcode.utils.dataReader.PropertyReader] - Loaded properties from: C:\Users\pc\IdeaProjects\FirstProjectFERP\src\main\resources\webapp.properties&amp#27;[m
&amp#27;[34m[INFO] - [27-11-2025 11:42:17] [main] [com.ferpfirstcode.customlisteners.TestNGListeners] - ✅ Test Properties Loaded Successfully&amp#27;[m
Allure environment data saved.
&amp#27;[34m[INFO] - [27-11-2025 11:42:17] [main] [com.ferpfirstcode.utils.report.AllureEnviromentManger] - Allure environment variables set.&amp#27;[m
&amp#27;[34m[INFO] - [27-11-2025 11:42:19] [main] [com.ferpfirstcode.utils.report.AllureBinaryManger] - Allure binaries already exist.&amp#27;[m
&amp#27;[34m[INFO] - [27-11-2025 11:42:19] [main] [com.ferpfirstcode.customlisteners.TestNGListeners] - ✅ Allure Environment Variables Set Successfully&amp#27;[m
&amp#27;[34m[INFO] - [27-11-2025 11:42:19] [main] [com.ferpfirstcode.driver.GUIDriver] - Initializing GUIDriver...&amp#27;[m
&amp#27;[34m[INFO] - [27-11-2025 11:42:19] [main] [com.ferpfirstcode.driver.GUIDriver] - Browser from properties: EDGE&amp#27;[m
&amp#27;[34m[INFO] - [27-11-2025 11:42:19] [main] [com.ferpfirstcode.driver.GUIDriver] - Starting driver for browser: EDGE&amp#27;[m
&amp#27;[34m[INFO] - [27-11-2025 11:42:19] [main] [com.ferpfirstcode.utils.dataReader.PropertyReader] - Loaded properties from: C:\Users\pc\IdeaProjects\FirstProjectFERP\src\main\resources\allure.properties&amp#27;[m
&amp#27;[34m[INFO] - [27-11-2025 11:42:19] [main] [com.ferpfirstcode.utils.dataReader.PropertyReader] - Loaded properties from: C:\Users\pc\IdeaProjects\FirstProjectFERP\src\main\resources\db.properties&amp#27;[m
&amp#27;[34m[INFO] - [27-11-2025 11:42:19] [main] [com.ferpfirstcode.utils.dataReader.PropertyReader] - Loaded properties from: C:\Users\pc\IdeaProjects\FirstProjectFERP\src\main\resources\enviroment.properties&amp#27;[m
&amp#27;[34m[INFO] - [27-11-2025 11:42:19] [main] [com.ferpfirstcode.utils.dataReader.PropertyReader] - Loaded properties from: C:\Users\pc\IdeaProjects\FirstProjectFERP\src\main\resources\log4j2.properties&amp#27;[m
&amp#27;[34m[INFO] - [27-11-2025 11:42:19] [main] [com.ferpfirstcode.utils.dataReader.PropertyReader] - Loaded properties from: C:\Users\pc\IdeaProjects\FirstProjectFERP\src\main\resources\seleniumGrid.properties&amp#27;[m
&amp#27;[34m[INFO] - [27-11-2025 11:42:19] [main] [com.ferpfirstcode.utils.dataReader.PropertyReader] - Loaded properties from: C:\Users\pc\IdeaProjects\FirstProjectFERP\src\main\resources\video.properties&amp#27;[m
&amp#27;[34m[INFO] - [27-11-2025 11:42:19] [main] [com.ferpfirstcode.utils.dataReader.PropertyReader] - Loaded properties from: C:\Users\pc\IdeaProjects\FirstProjectFERP\src\main\resources\waits.properties&amp#27;[m
&amp#27;[34m[INFO] - [27-11-2025 11:42:19] [main] [com.ferpfirstcode.utils.dataReader.PropertyReader] - Loaded properties from: C:\Users\pc\IdeaProjects\FirstProjectFERP\src\main\resources\webapp.properties&amp#27;[m
&amp#27;[34m[INFO] - [27-11-2025 11:42:21] [main] [com.ferpfirstcode.customlisteners.TestNGListeners] - ======== Starting Test: verifyLoginPageTitle ========&amp#27;[m
&amp#27;[34m[INFO] - [27-11-2025 11:42:21] [main] [FirstTest] - Opening the page...&amp#27;[m
&amp#27;[34m[INFO] - [27-11-2025 11:42:22] [main] [FirstTest] - Page title: Google&amp#27;[m
&amp#27;[31;1m[ERROR] - [27-11-2025 11:42:22] [main] [com.ferpfirstcode.media.ScreenShotsManager] - Failed to Capture Screenshot Cannot invoke "org.openqa.selenium.TakesScreenshot.getScreenshotAs(org.openqa.selenium.OutputType)" because "driver" is null&amp#27;[m
]]></system-out>
  </testcase>
  <testcase name="validLoginTC" classname="LoginTest" time="8.258">
    <system-out><![CDATA[&amp#27;[34m[INFO] - [27-11-2025 11:42:22] [main] [com.ferpfirstcode.customlisteners.TestNGListeners] - ======== Test: verifyLoginPageTitle Finished Successfully ========&amp#27;[m
&amp#27;[34m[INFO] - [27-11-2025 11:42:22] [main] [BaseTest] - WebDriver closed successfully.&amp#27;[m
&amp#27;[34m[INFO] - [27-11-2025 11:42:22] [main] [LoginTest] - تم تحميل بيانات الاختبار من JSON&amp#27;[m
&amp#27;[34m[INFO] - [27-11-2025 11:42:22] [main] [com.ferpfirstcode.driver.GUIDriver] - Initializing GUIDriver...&amp#27;[m
&amp#27;[34m[INFO] - [27-11-2025 11:42:22] [main] [com.ferpfirstcode.driver.GUIDriver] - Browser from properties: EDGE&amp#27;[m
&amp#27;[34m[INFO] - [27-11-2025 11:42:22] [main] [com.ferpfirstcode.driver.GUIDriver] - Starting driver for browser: EDGE&amp#27;[m
&amp#27;[34m[INFO] - [27-11-2025 11:42:23] [main] [com.ferpfirstcode.customlisteners.TestNGListeners] - ======== Starting Test: validLoginTC ========&amp#27;[m
&amp#27;[34m[INFO] - [27-11-2025 11:42:26] [main] [com.ferpfirstcode.utils.actions.BrowserActions] - Navigated to URL:  http://localhost:4200/login&amp#27;[m
&amp#27;[32;1m[DEBUG] - [27-11-2025 11:42:27] [main] [com.jayway.jsonpath.internal.path.CompiledPath] - Evaluating path: $['username']&amp#27;[m
&amp#27;[34m[INFO] - [27-11-2025 11:42:27] [main] [com.ferpfirstcode.utils.actions.ElementActions] - Typed text in element: By.id: username&amp#27;[m
&amp#27;[32;1m[DEBUG] - [27-11-2025 11:42:27] [main] [com.jayway.jsonpath.internal.path.CompiledPath] - Evaluating path: $['password']&amp#27;[m
&amp#27;[34m[INFO] - [27-11-2025 11:42:27] [main] [com.ferpfirstcode.utils.actions.ElementActions] - Typed text in element: By.id: pass&amp#27;[m
&amp#27;[34m[INFO] - [27-11-2025 11:42:27] [main] [com.ferpfirstcode.utils.actions.ElementActions] - Clicked element: By.cssSelector: button.submitBtn&amp#27;[m
&amp#27;[34m[INFO] - [27-11-2025 11:42:31] [main] [com.ferpfirstcode.media.ScreenShotsManager] - Capturing Screenshot Succeeded&amp#27;[m
&amp#27;[34m[INFO] - [27-11-2025 11:42:32] [main] [LoginTest] - تم تنفيذ اختبار تسجيل الدخول بنجاح&amp#27;[m
&amp#27;[31;1m[ERROR] - [27-11-2025 11:42:32] [main] [com.ferpfirstcode.media.ScreenShotsManager] - Failed to Capture Screenshot Cannot invoke "org.openqa.selenium.TakesScreenshot.getScreenshotAs(org.openqa.selenium.OutputType)" because "driver" is null&amp#27;[m
]]></system-out>
  </testcase>
</testsuite>